<?xml version="1.0" encoding="UTF-8" ?>
<testsuite errors="1" failures="0" hostname="Fonzi-PC" name="com.developvazquez.www.test.Navigate" tests="1" time="0.0" timestamp="2014-01-11T03:39:01">
  <properties>
    <property name="java.vendor" value="Oracle Corporation" />
    <property name="sun.java.launcher" value="SUN_STANDARD" />
    <property name="sun.management.compiler" value="HotSpot 64-Bit Tiered Compilers" />
    <property name="IE32DriverLocation" value="lib/WebDrivers/IE2.39/x32/IEDriverServer.exe" />
    <property name="lib" value="lib" />
    <property name="os.name" value="Windows 7" />
    <property name="env.FP_NO_HOST_CHECK" value="NO" />
    <property name="sun.boot.class.path" value="C:\Program Files\Java\jdk1.7.0_21\jre\lib\resources.jar;C:\Program Files\Java\jdk1.7.0_21\jre\lib\rt.jar;C:\Program Files\Java\jdk1.7.0_21\jre\lib\sunrsasign.jar;C:\Program Files\Java\jdk1.7.0_21\jre\lib\jsse.jar;C:\Program Files\Java\jdk1.7.0_21\jre\lib\jce.jar;C:\Program Files\Java\jdk1.7.0_21\jre\lib\charsets.jar;C:\Program Files\Java\jdk1.7.0_21\jre\lib\jfr.jar;C:\Program Files\Java\jdk1.7.0_21\jre\classes" />
    <property name="env.COMPUTERNAME" value="FONZI-PC" />
    <property name="env.CommonProgramW6432" value="C:\Program Files\Common Files" />
    <property name="env.ALLUSERSPROFILE" value="C:\ProgramData" />
    <property name="env.GTK_BASEPATH" value="C:\Program Files (x86)\GtkSharp\2.12\" />
    <property name="sun.desktop" value="windows" />
    <property name="java.vm.specification.vendor" value="Oracle Corporation" />
    <property name="ant.home" value="C:\Program Files (x86)\JetBrains\IntelliJ IDEA 12.1.4\lib\ant" />
    <property name="java.runtime.version" value="1.7.0_21-b11" />
    <property name="env.HOMEPATH" value="\Users\Fonzi" />
    <property name="user.name" value="Fonzi" />
    <property name="env.QTJAVA" value="C:\Program Files (x86)\Java\jre7\lib\ext\QTJava.zip" />
    <property name="user.language" value="en" />
    <property name="env.windows_tracing_flags" value="3" />
    <property name="sun.boot.library.path" value="C:\Program Files\Java\jdk1.7.0_21\jre\bin" />
    <property name="ant.project.default-target" value="build" />
    <property name="ant.project.name" value="LogInLogOut" />
    <property name="java.version" value="1.7.0_21" />
    <property name="env.PROCESSOR_IDENTIFIER" value="AMD64 Family 21 Model 16 Stepping 1, AuthenticAMD" />
    <property name="user.timezone" value="" />
    <property name="env.asl.log" value="Destination=file" />
    <property name="bin" value="bin" />
    <property name="env.TEMP" value="C:\Users\Fonzi\AppData\Local\Temp" />
    <property name="sun.arch.data.model" value="64" />
    <property name="env.APR_ICONV_PATH" value="C:\svn\iconv" />
    <property name="java.endorsed.dirs" value="C:\Program Files\Java\jdk1.7.0_21\jre\lib\endorsed" />
    <property name="sun.cpu.isalist" value="amd64" />
    <property name="env.HOMEDRIVE" value="C:" />
    <property name="sun.jnu.encoding" value="Cp1252" />
    <property name="file.encoding.pkg" value="sun.io" />
    <property name="env.VS110COMNTOOLS" value="C:\Program Files (x86)\Microsoft Visual Studio 11.0\Common7\Tools\" />
    <property name="file.separator" value="\" />
    <property name="java.specification.name" value="Java Platform API Specification" />
    <property name="java.class.version" value="51.0" />
    <property name="src" value="src" />
    <property name="user.country" value="US" />
    <property name="java.home" value="C:\Program Files\Java\jdk1.7.0_21\jre" />
    <property name="env.PSModulePath" value="C:\Windows\system32\WindowsPowerShell\v1.0\Modules\" />
    <property name="env.APPDATA" value="C:\Users\Fonzi\AppData\Roaming" />
    <property name="env.PUBLIC" value="C:\Users\Public" />
    <property name="env.windows_tracing_logfile" value="C:\BVTBin\Tests\installpackage\csilogfile.log" />
    <property name="java.vm.info" value="mixed mode" />
    <property name="env.ComSpec" value="C:\Windows\system32\cmd.exe" />
    <property name="env.OS" value="Windows_NT" />
    <property name="env.CommonProgramFiles" value="C:\Program Files\Common Files" />
    <property name="ant.file" value="C:\Users\Fonzi\Desktop\SeleniumDemo\build.xml" />
    <property name="os.version" value="6.1" />
    <property name="browser.property" value="safari" />
    <property name="env.ProgramW6432" value="C:\Program Files" />
    <property name="env.=::" value="::\" />
    <property name="env.AMDAPPSDKROOT" value="C:\Program Files (x86)\AMD APP\" />
    <property name="path.separator" value=";" />
    <property name="java.vm.version" value="23.21-b01" />
    <property name="env.USERPROFILE" value="C:\Users\Fonzi" />
    <property name="user.variant" value="" />
    <property name="ant.library.dir" value="C:\Program Files (x86)\JetBrains\IntelliJ IDEA 12.1.4\lib\ant\lib" />
    <property name="junit.output.dir" value="junit" />
    <property name="firefox" value="firefox" />
    <property name="env.JAVA_HOME" value="C:\Program Files\Java\jdk1.7.0_21" />
    <property name="java.awt.printerjob" value="sun.awt.windows.WPrinterJob" />
    <property name="env.TMP" value="C:\Users\Fonzi\AppData\Local\Temp" />
    <property name="env.MEDIAMALL" value="C:\Program Files (x86)\MediaMall\" />
    <property name="sun.io.unicode.encoding" value="UnicodeLittle" />
    <property name="awt.toolkit" value="sun.awt.windows.WToolkit" />
    <property name="user.script" value="" />
    <property name="ant.file.LogInLogOut" value="C:\Users\Fonzi\Desktop\SeleniumDemo\build.xml" />
    <property name="target" value="1.6" />
    <property name="user.home" value="C:\Users\Fonzi" />
    <property name="env.ProgramData" value="C:\ProgramData" />
    <property name="env.ProgramFiles(x86)" value="C:\Program Files (x86)" />
    <property name="env.SESSIONNAME" value="Console" />
    <property name="java.specification.vendor" value="Oracle Corporation" />
    <property name="env.CLASSPATH" value=".;C:\Program Files (x86)\Java\jre7\lib\ext\QTJava.zip" />
    <property name="java.vendor.url" value="http://java.oracle.com/" />
    <property name="java.library.path" value="C:\Program Files\Java\jdk1.7.0_21\jre\bin;C:\Windows\Sun\Java\bin;C:\Windows\system32;C:\Windows;C:\Program Files (x86)\JetBrains\IntelliJ IDEA 12.1.4\bin\..\.\bin;C:\Program Files (x86)\AMD APP\bin\x86_64;C:\Program Files (x86)\AMD APP\bin\x86;C:\Program Files (x86)\NVIDIA Corporation\PhysX\Common;C:\Program Files\MediaBeacon\MediaBeacon\bin\ImageMagick;C:\Program Files\Common Files\Microsoft Shared\Windows Live;C:\Windows\system32;C:\Windows;C:\Windows\System32\Wbem;C:\Windows\System32\WindowsPowerShell\v1.0\;C:\Program Files (x86)\ATI Technologies\ATI.ACE\Core-Static;C:\svn\bin;C:\Program Files\Apache Software Foundation\apache-ant-1.9.1\bin;C:\Program Files (x86)\gs\gs9.04\bin;C:\Program Files\Microsoft\Web Platform Installer\;C:\Program Files (x86)\Microsoft ASP.NET\ASP.NET Web Pages\v1.0\;C:\Program Files\Microsoft SQL Server\110\Tools\Binn\;C:\Program Files\OpenVPN\bin;C:\Program Files (x86)\GtkSharp\2.12\bin;C:\Program Files (x86)\QuickTime\QTSystem\;C:\Program Files\Common Files\Microsoft Shared\Windows Live;c:\program files (x86)\jetbrains\intellij idea 12.1.4\jre\jre\bin;." />
    <property name="ChromeDriverLocation" value="lib/WebDrivers/ChromeDriver2.8/chromedriver.exe" />
    <property name="env.NUMBER_OF_PROCESSORS" value="4" />
    <property name="java.vm.vendor" value="Oracle Corporation" />
    <property name="IE64DriverLocation" value="lib/WebDrivers/IE2.39/x64/IEDriverServer.exe" />
    <property name="java.runtime.name" value="Java(TM) SE Runtime Environment" />
    <property name="ant.version" value="Apache Ant(TM) version 1.8.2 compiled on December 20 2010" />
    <property name="ant.file.type.LogInLogOut" value="file" />
    <property name="sun.java.command" value="org.apache.tools.ant.taskdefs.optional.junit.JUnitTestRunner com.developvazquez.www.test.Navigate filtertrace=true haltOnError=false haltOnFailure=false formatter=org.apache.tools.ant.taskdefs.optional.junit.SummaryJUnitResultFormatter showoutput=false outputtoformatters=true logfailedtests=true logtestlistenerevents=false formatter=org.apache.tools.ant.taskdefs.optional.junit.XMLJUnitResultFormatter,C:\Users\Fonzi\Desktop\SeleniumDemo\TEST-com.developvazquez.www.test.Navigate.xml crashfile=C:\Users\Fonzi\Desktop\SeleniumDemo\junitvmwatcher1259316670814669480.properties propsfile=C:\Users\Fonzi\Desktop\SeleniumDemo\junit245507694055544826.properties" />
    <property name="java.class.path" value="C:\Users\Fonzi\Desktop\SeleniumDemo\bin;C:\Users\Fonzi\Desktop\SeleniumDemo\lib\selenium-2.39.0\selenium-java-2.39.0-srcs.jar;C:\Users\Fonzi\Desktop\SeleniumDemo\lib\selenium-2.39.0\selenium-java-2.39.0.jar;C:\Users\Fonzi\Desktop\SeleniumDemo\lib\BenchMark\CarrotSearchLabs\junit-benchmarks-0.7.0;C:\Users\Fonzi\Desktop\SeleniumDemo\lib\Junit-4.11\junit-4.11.jar;C:\Users\Fonzi\Desktop\SeleniumDemo;C:\Program Files (x86)\Java\jre7\lib\ext\QTJava.zip;C:\Program Files (x86)\JetBrains\IntelliJ IDEA 12.1.4\lib\ant\lib\ant-launcher.jar;C:\Program Files (x86)\JetBrains\IntelliJ IDEA 12.1.4\lib\ant\lib\ant.jar;C:\Program Files (x86)\JetBrains\IntelliJ IDEA 12.1.4\lib\ant\lib\ant-junit.jar" />
    <property name="java.vm.specification.name" value="Java Virtual Machine Specification" />
    <property name="ant.file.type" value="file" />
    <property name="env.LOGONSERVER" value="\\FONZI-PC" />
    <property name="env.windir" value="C:\Windows" />
    <property name="env.PROCESSOR_ARCHITECTURE" value="AMD64" />
    <property name="java.vm.specification.version" value="1.7" />
    <property name="sun.os.patch.level" value="Service Pack 1" />
    <property name="sun.cpu.endian" value="little" />
    <property name="debuglevel" value="source,lines,vars" />
    <property name="env.ANT_HOME" value="C:\Program Files\Apache Software Foundation\apache-ant-1.9.1" />
    <property name="env.ProgramFiles" value="C:\Program Files" />
    <property name="env.PROCESSOR_REVISION" value="1001" />
    <property name="java.io.tmpdir" value="C:\Users\Fonzi\AppData\Local\Temp\" />
    <property name="env.VBOX_INSTALL_PATH" value="C:\Program Files\Oracle\VirtualBox\" />
    <property name="env.CommonProgramFiles(x86)" value="C:\Program Files (x86)\Common Files" />
    <property name="java.vendor.url.bug" value="http://bugreport.sun.com/bugreport/" />
    <property name="env.SystemRoot" value="C:\Windows" />
    <property name="os.arch" value="amd64" />
    <property name="java.awt.graphicsenv" value="sun.awt.Win32GraphicsEnvironment" />
    <property name="java.ext.dirs" value="C:\Program Files\Java\jdk1.7.0_21\jre\lib\ext;C:\Windows\Sun\Java\lib\ext" />
    <property name="user.dir" value="C:\Users\Fonzi\Desktop\SeleniumDemo" />
    <property name="env.LOCALAPPDATA" value="C:\Users\Fonzi\AppData\Local" />
    <property name="line.separator" value="&#xd;&#xa;" />
    <property name="java.vm.name" value="Java HotSpot(TM) 64-Bit Server VM" />
    <property name="env.PATHEXT" value=".COM;.EXE;.BAT;.CMD;.VBS;.VBE;.JS;.JSE;.WSF;.WSH;.MSC" />
    <property name="env.Path" value="C:\Program Files (x86)\JetBrains\IntelliJ IDEA 12.1.4\bin\..\.\bin;C:\Program Files (x86)\AMD APP\bin\x86_64;C:\Program Files (x86)\AMD APP\bin\x86;C:\Program Files (x86)\NVIDIA Corporation\PhysX\Common;C:\Program Files\MediaBeacon\MediaBeacon\bin\ImageMagick;C:\Program Files\Common Files\Microsoft Shared\Windows Live;C:\Windows\system32;C:\Windows;C:\Windows\System32\Wbem;C:\Windows\System32\WindowsPowerShell\v1.0\;C:\Program Files (x86)\ATI Technologies\ATI.ACE\Core-Static;C:\svn\bin;C:\Program Files\Apache Software Foundation\apache-ant-1.9.1\bin;C:\Program Files (x86)\gs\gs9.04\bin;C:\Program Files\Microsoft\Web Platform Installer\;C:\Program Files (x86)\Microsoft ASP.NET\ASP.NET Web Pages\v1.0\;C:\Program Files\Microsoft SQL Server\110\Tools\Binn\;C:\Program Files\OpenVPN\bin;C:\Program Files (x86)\GtkSharp\2.12\bin;C:\Program Files (x86)\QuickTime\QTSystem\;C:\Program Files\Common Files\Microsoft Shared\Windows Live;c:\program files (x86)\jetbrains\intellij idea 12.1.4\jre\jre\bin" />
    <property name="basedir" value="C:\Users\Fonzi\Desktop\SeleniumDemo" />
    <property name="ant.java.version" value="1.7" />
    <property name="ant.core.lib" value="C:\Program Files (x86)\JetBrains\IntelliJ IDEA 12.1.4\lib\ant\lib\ant.jar" />
    <property name="env.USERNAME" value="Fonzi" />
    <property name="source" value="1.6" />
    <property name="env.SystemDrive" value="C:" />
    <property name="file.encoding" value="Cp1252" />
    <property name="env.USERDOMAIN" value="Fonzi-PC" />
    <property name="java.specification.version" value="1.7" />
    <property name="ant.project.invoked-targets" value="JUnit Test" />
    <property name="env.PROCESSOR_LEVEL" value="21" />
  </properties>
  <error message="com.developvazquez.www.test.Navigate" type="java.lang.ClassNotFoundException">java.lang.ClassNotFoundException: com.developvazquez.www.test.Navigate
	at java.net.URLClassLoader$1.run(URLClassLoader.java:366)
	at java.net.URLClassLoader$1.run(URLClassLoader.java:355)
	at java.security.AccessController.doPrivileged(Native Method)
	at java.net.URLClassLoader.findClass(URLClassLoader.java:354)
	at java.lang.ClassLoader.loadClass(ClassLoader.java:423)
	at sun.misc.Launcher$AppClassLoader.loadClass(Launcher.java:308)
	at java.lang.ClassLoader.loadClass(ClassLoader.java:356)
	at java.lang.Class.forName0(Native Method)
	at java.lang.Class.forName(Class.java:188)
</error>
  <system-out><![CDATA[]]></system-out>
  <system-err><![CDATA[]]></system-err>
</testsuite>
